<?xml version="1.0" encoding="UTF-8"?>
<testsuite xmlns:xsi="http://www.w3.org/2001/XMLSchema-instance" xsi:schemaLocation="https://maven.apache.org/surefire/maven-surefire-plugin/xsd/surefire-test-report.xsd" name="TestSuite" time="109.689" tests="20" errors="0" skipped="0" failures="2">
  <properties>
[...]
</properties>
  <testcase name="loginTest001" classname="com.SauceDemo.testCases.TC_001" time="2.415"/>
  <testcase name="loginTest001" classname="com.SauceDemo.testCases.TC_001" time="0.832"/>
  <testcase name="loginTest001" classname="com.SauceDemo.testCases.TC_001" time="5.558"/>
  <testcase name="loginTest001" classname="com.SauceDemo.testCases.TC_001" time="0.982">
    <failure message="The following asserts failed:&#10;	expected [true] but found [false]" type="java.lang.AssertionError">java.lang.AssertionError: 
The following asserts failed:
	expected [true] but found [false]
	at com.SauceDemo.testCases.TC_001.loginTest001(TC_001.java:42)
</failure>
    <system-out><![CDATA[ INFO [main] (TC_001.java:18)- Started TC_001
 INFO [main] (TC_001.java:20)- Providing Login Details
 INFO [main] (TC_001.java:26)- Login Page validation
ERROR [main] (TC_001.java:35)- Login failed
Screenshot taken
Login is NOT successful!!
]]></system-out>
  </testcase>
  <testcase name="loginTest001" classname="com.SauceDemo.testCases.TC_001" time="2.458"/>
  <testcase name="loginTest001" classname="com.SauceDemo.testCases.TC_001" time="0.662"/>
  <testcase name="loginTest001" classname="com.SauceDemo.testCases.TC_001" time="5.774"/>
  <testcase name="loginTest001" classname="com.SauceDemo.testCases.TC_001" time="1.358">
    <failure message="The following asserts failed:&#10;	expected [true] but found [false]" type="java.lang.AssertionError">java.lang.AssertionError: 
The following asserts failed:
	expected [true] but found [false]
	at com.SauceDemo.testCases.TC_001.loginTest001(TC_001.java:42)
</failure>
    <system-out><![CDATA[ INFO [main] (TC_001.java:18)- Started TC_001
 INFO [main] (TC_001.java:20)- Providing Login Details
 INFO [main] (TC_001.java:26)- Login Page validation
ERROR [main] (TC_001.java:35)- Login failed
Screenshot taken
Login is NOT successful!!
]]></system-out>
  </testcase>
  <testcase name="loginTest002" classname="com.SauceDemo.testCases.TC_002" time="0.536"/>
  <testcase name="loginTest002" classname="com.SauceDemo.testCases.TC_002" time="0.444"/>
  <testcase name="loginTest002" classname="com.SauceDemo.testCases.TC_002" time="1.481"/>
  <testcase name="loginTest002" classname="com.SauceDemo.testCases.TC_002" time="1.351"/>
  <testcase name="loginTest005" classname="com.SauceDemo.testCases.TC_005" time="0.567"/>
  <testcase name="loginTest005" classname="com.SauceDemo.testCases.TC_005" time="1.411"/>
  <testcase name="loginTest006" classname="com.SauceDemo.testCases.TC_006" time="0.494"/>
  <testcase name="loginTest006" classname="com.SauceDemo.testCases.TC_006" time="1.532"/>
  <testcase name="loginTest008" classname="com.SauceDemo.testCases.TC_008" time="0.795"/>
  <testcase name="loginTest008" classname="com.SauceDemo.testCases.TC_008" time="0.523"/>
  <testcase name="loginTest008" classname="com.SauceDemo.testCases.TC_008" time="1.533"/>
  <testcase name="loginTest008" classname="com.SauceDemo.testCases.TC_008" time="1.291"/>
</testsuite>