<?xml version="1.0" encoding="UTF-8"?>
<testng-results ignored="0" total="20" passed="18" failed="2" skipped="0">
  <reporter-output>
  </reporter-output>
  <suite started-at="2019-05-17T18:32:28Z" name="SauceDemo Suite" finished-at="2019-05-17T18:34:17Z" duration-ms="108719">
    <groups>
    </groups>
    <test started-at="2019-05-17T18:32:28Z" name="TestNGTest1" finished-at="2019-05-17T18:33:14Z" duration-ms="45662">
      <class name="com.SauceDemo.testCases.TC_001">
        <test-method is-config="true" signature="setup(java.lang.String)[pri:0, instance:com.SauceDemo.testCases.TC_001@49ec71f8]" started-at="2019-05-17T18:32:29Z" name="setup" finished-at="2019-05-17T18:32:35Z" duration-ms="5846" status="PASS">
          <params>
            <param index="0">
              <value>
                <![CDATA[chrome]]>
              </value>
            </param>
          </params>
          <reporter-output>
          </reporter-output>
        </test-method> <!-- setup -->
        <test-method signature="loginTest001(java.lang.String, java.lang.String)[pri:0, instance:com.SauceDemo.testCases.TC_001@49ec71f8]" started-at="2019-05-17T18:32:36Z" name="loginTest001" data-provider="logintestDDT_001" finished-at="2019-05-17T18:32:38Z" duration-ms="2413" status="PASS">
          <params>
            <param index="0">
              <value>
                <![CDATA[standard_user]]>
              </value>
            </param>
            <param index="1">
              <value>
                <![CDATA[secret_sauce]]>
              </value>
            </param>
          </params>
          <reporter-output>
          </reporter-output>
        </test-method> <!-- loginTest001 -->
        <test-method signature="loginTest001(java.lang.String, java.lang.String)[pri:0, instance:com.SauceDemo.testCases.TC_001@49ec71f8]" started-at="2019-05-17T18:32:38Z" name="loginTest001" data-provider="logintestDDT_001" finished-at="2019-05-17T18:32:39Z" duration-ms="835" status="PASS">
          <params>
            <param index="0">
              <value>
                <![CDATA[problem_user]]>
              </value>
            </param>
            <param index="1">
              <value>
                <![CDATA[secret_sauce]]>
              </value>
            </param>
          </params>
          <reporter-output>
          </reporter-output>
        </test-method> <!-- loginTest001 -->
        <test-method signature="loginTest001(java.lang.String, java.lang.String)[pri:0, instance:com.SauceDemo.testCases.TC_001@49ec71f8]" started-at="2019-05-17T18:32:39Z" name="loginTest001" data-provider="logintestDDT_001" finished-at="2019-05-17T18:32:44Z" duration-ms="5558" status="PASS">
          <params>
            <param index="0">
              <value>
                <![CDATA[performance_glitch_user]]>
              </value>
            </param>
            <param index="1">
              <value>
                <![CDATA[secret_sauce]]>
              </value>
            </param>
          </params>
          <reporter-output>
          </reporter-output>
        </test-method> <!-- loginTest001 -->
        <test-method signature="loginTest001(java.lang.String, java.lang.String)[pri:0, instance:com.SauceDemo.testCases.TC_001@49ec71f8]" started-at="2019-05-17T18:32:44Z" name="loginTest001" data-provider="logintestDDT_001" finished-at="2019-05-17T18:32:45Z" duration-ms="968" status="FAIL">
          <params>
            <param index="0">
              <value>
                <![CDATA[locked_out_user]]>
              </value>
            </param>
            <param index="1">
              <value>
                <![CDATA[secret_sauce]]>
              </value>
            </param>
          </params>
          <exception class="java.lang.AssertionError">
            <message>
              <![CDATA[The following asserts failed:
expected [true] but found [false]]]>
            </message>
            <full-stacktrace>
              <![CDATA[java.lang.AssertionError: The following asserts failed:
expected [true] but found [false]
at org.testng.asserts.SoftAssert.assertAll(SoftAssert.java:43)
at com.SauceDemo.testCases.TC_001.loginTest001(TC_001.java:42)
at java.base/jdk.internal.reflect.NativeMethodAccessorImpl.invoke0(Native Method)
at java.base/jdk.internal.reflect.NativeMethodAccessorImpl.invoke(NativeMethodAccessorImpl.java:62)
at java.base/jdk.internal.reflect.DelegatingMethodAccessorImpl.invoke(DelegatingMethodAccessorImpl.java:43)
at java.base/java.lang.reflect.Method.invoke(Method.java:566)
at org.testng.internal.MethodInvocationHelper.invokeMethod(MethodInvocationHelper.java:124)
at org.testng.internal.Invoker.invokeMethod(Invoker.java:583)
at org.testng.internal.Invoker.invokeTestMethod(Invoker.java:719)
at org.testng.internal.Invoker.invokeTestMethods(Invoker.java:989)
at org.testng.internal.TestMethodWorker.invokeTestMethods(TestMethodWorker.java:125)
at org.testng.internal.TestMethodWorker.run(TestMethodWorker.java:109)
at org.testng.TestRunner.privateRun(TestRunner.java:648)
at org.testng.TestRunner.run(TestRunner.java:505)
at org.testng.SuiteRunner.runTest(SuiteRunner.java:455)
at org.testng.SuiteRunner.runSequentially(SuiteRunner.java:450)
at org.testng.SuiteRunner.privateRun(SuiteRunner.java:415)
at org.testng.SuiteRunner.run(SuiteRunner.java:364)
at org.testng.SuiteRunnerWorker.runSuite(SuiteRunnerWorker.java:52)
at org.testng.SuiteRunnerWorker.run(SuiteRunnerWorker.java:84)
at org.testng.TestNG.runSuitesSequentially(TestNG.java:1208)
at org.testng.TestNG.runSuitesLocally(TestNG.java:1137)
at org.testng.TestNG.runSuites(TestNG.java:1049)
at org.testng.TestNG.run(TestNG.java:1017)
at org.apache.maven.surefire.testng.TestNGExecutor.run(TestNGExecutor.java:281)
at org.apache.maven.surefire.testng.TestNGXmlTestSuite.execute(TestNGXmlTestSuite.java:75)
at org.apache.maven.surefire.testng.TestNGProvider.invoke(TestNGProvider.java:121)
at org.apache.maven.surefire.booter.ForkedBooter.invokeProviderInSameClassLoader(ForkedBooter.java:290)
at org.apache.maven.surefire.booter.ForkedBooter.runSuitesInProcess(ForkedBooter.java:242)
at org.apache.maven.surefire.booter.ForkedBooter.main(ForkedBooter.java:121)
]]>
            </full-stacktrace>
          </exception> <!-- java.lang.AssertionError -->
          <reporter-output>
          </reporter-output>
        </test-method> <!-- loginTest001 -->
        <test-method is-config="true" signature="tearDown()[pri:0, instance:com.SauceDemo.testCases.TC_001@49ec71f8]" started-at="2019-05-17T18:32:45Z" name="tearDown" finished-at="2019-05-17T18:32:46Z" duration-ms="855" status="PASS">
          <reporter-output>
          </reporter-output>
        </test-method> <!-- tearDown -->
      </class> <!-- com.SauceDemo.testCases.TC_001 -->
      <class name="com.SauceDemo.testCases.TC_002">
        <test-method is-config="true" signature="setup(java.lang.String)[pri:0, instance:com.SauceDemo.testCases.TC_002@1d2adfbe]" started-at="2019-05-17T18:32:46Z" name="setup" finished-at="2019-05-17T18:32:52Z" duration-ms="5500" status="PASS">
          <params>
            <param index="0">
              <value>
                <![CDATA[chrome]]>
              </value>
            </param>
          </params>
          <reporter-output>
          </reporter-output>
        </test-method> <!-- setup -->
        <test-method signature="loginTest002(java.lang.String, java.lang.String)[pri:0, instance:com.SauceDemo.testCases.TC_002@1d2adfbe]" started-at="2019-05-17T18:32:52Z" name="loginTest002" data-provider="logintestDDT_002" finished-at="2019-05-17T18:32:53Z" duration-ms="536" status="PASS">
          <params>
            <param index="0">
              <value>
                <![CDATA[standard_user]]>
              </value>
            </param>
            <param index="1">
              <value>
                <![CDATA[ssauce]]>
              </value>
            </param>
          </params>
          <reporter-output>
          </reporter-output>
        </test-method> <!-- loginTest002 -->
        <test-method signature="loginTest002(java.lang.String, java.lang.String)[pri:0, instance:com.SauceDemo.testCases.TC_002@1d2adfbe]" started-at="2019-05-17T18:32:53Z" name="loginTest002" data-provider="logintestDDT_002" finished-at="2019-05-17T18:32:53Z" duration-ms="447" status="PASS">
          <params>
            <param index="0">
              <value>
                <![CDATA[problem_user]]>
              </value>
            </param>
            <param index="1">
              <value>
                <![CDATA[secret]]>
              </value>
            </param>
          </params>
          <reporter-output>
          </reporter-output>
        </test-method> <!-- loginTest002 -->
        <test-method is-config="true" signature="tearDown()[pri:0, instance:com.SauceDemo.testCases.TC_002@1d2adfbe]" started-at="2019-05-17T18:32:53Z" name="tearDown" finished-at="2019-05-17T18:32:54Z" duration-ms="785" status="PASS">
          <reporter-output>
          </reporter-output>
        </test-method> <!-- tearDown -->
      </class> <!-- com.SauceDemo.testCases.TC_002 -->
      <class name="com.SauceDemo.testCases.TC_005">
        <test-method is-config="true" signature="setup(java.lang.String)[pri:0, instance:com.SauceDemo.testCases.TC_005@36902638]" started-at="2019-05-17T18:32:54Z" name="setup" finished-at="2019-05-17T18:32:59Z" duration-ms="5241" status="PASS">
          <params>
            <param index="0">
              <value>
                <![CDATA[chrome]]>
              </value>
            </param>
          </params>
          <reporter-output>
          </reporter-output>
        </test-method> <!-- setup -->
        <test-method signature="loginTest005()[pri:0, instance:com.SauceDemo.testCases.TC_005@36902638]" started-at="2019-05-17T18:32:59Z" name="loginTest005" finished-at="2019-05-17T18:33:00Z" duration-ms="567" status="PASS">
          <reporter-output>
          </reporter-output>
        </test-method> <!-- loginTest005 -->
        <test-method is-config="true" signature="tearDown()[pri:0, instance:com.SauceDemo.testCases.TC_005@36902638]" started-at="2019-05-17T18:33:00Z" name="tearDown" finished-at="2019-05-17T18:33:00Z" duration-ms="737" status="PASS">
          <reporter-output>
          </reporter-output>
        </test-method> <!-- tearDown -->
      </class> <!-- com.SauceDemo.testCases.TC_005 -->
      <class name="com.SauceDemo.testCases.TC_006">
        <test-method is-config="true" signature="setup(java.lang.String)[pri:0, instance:com.SauceDemo.testCases.TC_006@223d2c72]" started-at="2019-05-17T18:33:00Z" name="setup" finished-at="2019-05-17T18:33:05Z" duration-ms="4984" status="PASS">
          <params>
            <param index="0">
              <value>
                <![CDATA[chrome]]>
              </value>
            </param>
          </params>
          <reporter-output>
          </reporter-output>
        </test-method> <!-- setup -->
        <test-method signature="loginTest006()[pri:0, instance:com.SauceDemo.testCases.TC_006@223d2c72]" started-at="2019-05-17T18:33:05Z" name="loginTest006" finished-at="2019-05-17T18:33:06Z" duration-ms="497" status="PASS">
          <reporter-output>
          </reporter-output>
        </test-method> <!-- loginTest006 -->
        <test-method is-config="true" signature="tearDown()[pri:0, instance:com.SauceDemo.testCases.TC_006@223d2c72]" started-at="2019-05-17T18:33:06Z" name="tearDown" finished-at="2019-05-17T18:33:07Z" duration-ms="762" status="PASS">
          <reporter-output>
          </reporter-output>
        </test-method> <!-- tearDown -->
      </class> <!-- com.SauceDemo.testCases.TC_006 -->
      <class name="com.SauceDemo.testCases.TC_008">
        <test-method is-config="true" signature="setup(java.lang.String)[pri:0, instance:com.SauceDemo.testCases.TC_008@8f4ea7c]" started-at="2019-05-17T18:33:07Z" name="setup" finished-at="2019-05-17T18:33:12Z" duration-ms="5280" status="PASS">
          <params>
            <param index="0">
              <value>
                <![CDATA[chrome]]>
              </value>
            </param>
          </params>
          <reporter-output>
          </reporter-output>
        </test-method> <!-- setup -->
        <test-method signature="loginTest008(java.lang.String, java.lang.String)[pri:0, instance:com.SauceDemo.testCases.TC_008@8f4ea7c]" started-at="2019-05-17T18:33:12Z" name="loginTest008" data-provider="logintestDDT_008" finished-at="2019-05-17T18:33:13Z" duration-ms="794" status="PASS">
          <params>
            <param index="0">
              <value>
                <![CDATA[standard_user$$12]]>
              </value>
            </param>
            <param index="1">
              <value>
                <![CDATA[secret_sauce]]>
              </value>
            </param>
          </params>
          <reporter-output>
          </reporter-output>
        </test-method> <!-- loginTest008 -->
        <test-method signature="loginTest008(java.lang.String, java.lang.String)[pri:0, instance:com.SauceDemo.testCases.TC_008@8f4ea7c]" started-at="2019-05-17T18:33:13Z" name="loginTest008" data-provider="logintestDDT_008" finished-at="2019-05-17T18:33:13Z" duration-ms="522" status="PASS">
          <params>
            <param index="0">
              <value>
                <![CDATA[performance_glitch_user**123]]>
              </value>
            </param>
            <param index="1">
              <value>
                <![CDATA[secret_sauce]]>
              </value>
            </param>
          </params>
          <reporter-output>
          </reporter-output>
        </test-method> <!-- loginTest008 -->
        <test-method is-config="true" signature="tearDown()[pri:0, instance:com.SauceDemo.testCases.TC_008@8f4ea7c]" started-at="2019-05-17T18:33:13Z" name="tearDown" finished-at="2019-05-17T18:33:14Z" duration-ms="770" status="PASS">
          <reporter-output>
          </reporter-output>
        </test-method> <!-- tearDown -->
      </class> <!-- com.SauceDemo.testCases.TC_008 -->
    </test> <!-- TestNGTest1 -->
    <test started-at="2019-05-17T18:33:15Z" name="TestNGTest2" finished-at="2019-05-17T18:34:17Z" duration-ms="62649">
      <class name="com.SauceDemo.testCases.TC_001">
        <test-method is-config="true" signature="setup(java.lang.String)[pri:0, instance:com.SauceDemo.testCases.TC_001@3349e9bb]" started-at="2019-05-17T18:33:15Z" name="setup" finished-at="2019-05-17T18:33:21Z" duration-ms="6615" status="PASS">
          <params>
            <param index="0">
              <value>
                <![CDATA[firefox]]>
              </value>
            </param>
          </params>
          <reporter-output>
          </reporter-output>
        </test-method> <!-- setup -->
        <test-method signature="loginTest001(java.lang.String, java.lang.String)[pri:0, instance:com.SauceDemo.testCases.TC_001@3349e9bb]" started-at="2019-05-17T18:33:21Z" name="loginTest001" data-provider="logintestDDT_001" finished-at="2019-05-17T18:33:24Z" duration-ms="2457" status="PASS">
          <params>
            <param index="0">
              <value>
                <![CDATA[standard_user]]>
              </value>
            </param>
            <param index="1">
              <value>
                <![CDATA[secret_sauce]]>
              </value>
            </param>
          </params>
          <reporter-output>
          </reporter-output>
        </test-method> <!-- loginTest001 -->
        <test-method signature="loginTest001(java.lang.String, java.lang.String)[pri:0, instance:com.SauceDemo.testCases.TC_001@3349e9bb]" started-at="2019-05-17T18:33:24Z" name="loginTest001" data-provider="logintestDDT_001" finished-at="2019-05-17T18:33:24Z" duration-ms="664" status="PASS">
          <params>
            <param index="0">
              <value>
                <![CDATA[problem_user]]>
              </value>
            </param>
            <param index="1">
              <value>
                <![CDATA[secret_sauce]]>
              </value>
            </param>
          </params>
          <reporter-output>
          </reporter-output>
        </test-method> <!-- loginTest001 -->
        <test-method signature="loginTest001(java.lang.String, java.lang.String)[pri:0, instance:com.SauceDemo.testCases.TC_001@3349e9bb]" started-at="2019-05-17T18:33:24Z" name="loginTest001" data-provider="logintestDDT_001" finished-at="2019-05-17T18:33:30Z" duration-ms="5774" status="PASS">
          <params>
            <param index="0">
              <value>
                <![CDATA[performance_glitch_user]]>
              </value>
            </param>
            <param index="1">
              <value>
                <![CDATA[secret_sauce]]>
              </value>
            </param>
          </params>
          <reporter-output>
          </reporter-output>
        </test-method> <!-- loginTest001 -->
        <test-method signature="loginTest001(java.lang.String, java.lang.String)[pri:0, instance:com.SauceDemo.testCases.TC_001@3349e9bb]" started-at="2019-05-17T18:33:30Z" name="loginTest001" data-provider="logintestDDT_001" finished-at="2019-05-17T18:33:32Z" duration-ms="1357" status="FAIL">
          <params>
            <param index="0">
              <value>
                <![CDATA[locked_out_user]]>
              </value>
            </param>
            <param index="1">
              <value>
                <![CDATA[secret_sauce]]>
              </value>
            </param>
          </params>
          <exception class="java.lang.AssertionError">
            <message>
              <![CDATA[The following asserts failed:
expected [true] but found [false]]]>
            </message>
            <full-stacktrace>
              <![CDATA[java.lang.AssertionError: The following asserts failed:
expected [true] but found [false]
at org.testng.asserts.SoftAssert.assertAll(SoftAssert.java:43)
at com.SauceDemo.testCases.TC_001.loginTest001(TC_001.java:42)
at java.base/jdk.internal.reflect.NativeMethodAccessorImpl.invoke0(Native Method)
at java.base/jdk.internal.reflect.NativeMethodAccessorImpl.invoke(NativeMethodAccessorImpl.java:62)
at java.base/jdk.internal.reflect.DelegatingMethodAccessorImpl.invoke(DelegatingMethodAccessorImpl.java:43)
at java.base/java.lang.reflect.Method.invoke(Method.java:566)
at org.testng.internal.MethodInvocationHelper.invokeMethod(MethodInvocationHelper.java:124)
at org.testng.internal.Invoker.invokeMethod(Invoker.java:583)
at org.testng.internal.Invoker.invokeTestMethod(Invoker.java:719)
at org.testng.internal.Invoker.invokeTestMethods(Invoker.java:989)
at org.testng.internal.TestMethodWorker.invokeTestMethods(TestMethodWorker.java:125)
at org.testng.internal.TestMethodWorker.run(TestMethodWorker.java:109)
at org.testng.TestRunner.privateRun(TestRunner.java:648)
at org.testng.TestRunner.run(TestRunner.java:505)
at org.testng.SuiteRunner.runTest(SuiteRunner.java:455)
at org.testng.SuiteRunner.runSequentially(SuiteRunner.java:450)
at org.testng.SuiteRunner.privateRun(SuiteRunner.java:415)
at org.testng.SuiteRunner.run(SuiteRunner.java:364)
at org.testng.SuiteRunnerWorker.runSuite(SuiteRunnerWorker.java:52)
at org.testng.SuiteRunnerWorker.run(SuiteRunnerWorker.java:84)
at org.testng.TestNG.runSuitesSequentially(TestNG.java:1208)
at org.testng.TestNG.runSuitesLocally(TestNG.java:1137)
at org.testng.TestNG.runSuites(TestNG.java:1049)
at org.testng.TestNG.run(TestNG.java:1017)
at org.apache.maven.surefire.testng.TestNGExecutor.run(TestNGExecutor.java:281)
at org.apache.maven.surefire.testng.TestNGXmlTestSuite.execute(TestNGXmlTestSuite.java:75)
at org.apache.maven.surefire.testng.TestNGProvider.invoke(TestNGProvider.java:121)
at org.apache.maven.surefire.booter.ForkedBooter.invokeProviderInSameClassLoader(ForkedBooter.java:290)
at org.apache.maven.surefire.booter.ForkedBooter.runSuitesInProcess(ForkedBooter.java:242)
at org.apache.maven.surefire.booter.ForkedBooter.main(ForkedBooter.java:121)
]]>
            </full-stacktrace>
          </exception> <!-- java.lang.AssertionError -->
          <reporter-output>
          </reporter-output>
        </test-method> <!-- loginTest001 -->
        <test-method is-config="true" signature="tearDown()[pri:0, instance:com.SauceDemo.testCases.TC_001@3349e9bb]" started-at="2019-05-17T18:33:32Z" name="tearDown" finished-at="2019-05-17T18:33:34Z" duration-ms="1976" status="PASS">
          <reporter-output>
          </reporter-output>
        </test-method> <!-- tearDown -->
      </class> <!-- com.SauceDemo.testCases.TC_001 -->
      <class name="com.SauceDemo.testCases.TC_002">
        <test-method is-config="true" signature="setup(java.lang.String)[pri:0, instance:com.SauceDemo.testCases.TC_002@409bf450]" started-at="2019-05-17T18:33:34Z" name="setup" finished-at="2019-05-17T18:33:41Z" duration-ms="7400" status="PASS">
          <params>
            <param index="0">
              <value>
                <![CDATA[firefox]]>
              </value>
            </param>
          </params>
          <reporter-output>
          </reporter-output>
        </test-method> <!-- setup -->
        <test-method signature="loginTest002(java.lang.String, java.lang.String)[pri:0, instance:com.SauceDemo.testCases.TC_002@409bf450]" started-at="2019-05-17T18:33:41Z" name="loginTest002" data-provider="logintestDDT_002" finished-at="2019-05-17T18:33:43Z" duration-ms="1480" status="PASS">
          <params>
            <param index="0">
              <value>
                <![CDATA[standard_user]]>
              </value>
            </param>
            <param index="1">
              <value>
                <![CDATA[ssauce]]>
              </value>
            </param>
          </params>
          <reporter-output>
          </reporter-output>
        </test-method> <!-- loginTest002 -->
        <test-method signature="loginTest002(java.lang.String, java.lang.String)[pri:0, instance:com.SauceDemo.testCases.TC_002@409bf450]" started-at="2019-05-17T18:33:43Z" name="loginTest002" data-provider="logintestDDT_002" finished-at="2019-05-17T18:33:44Z" duration-ms="1349" status="PASS">
          <params>
            <param index="0">
              <value>
                <![CDATA[problem_user]]>
              </value>
            </param>
            <param index="1">
              <value>
                <![CDATA[secret]]>
              </value>
            </param>
          </params>
          <reporter-output>
          </reporter-output>
        </test-method> <!-- loginTest002 -->
        <test-method is-config="true" signature="tearDown()[pri:0, instance:com.SauceDemo.testCases.TC_002@409bf450]" started-at="2019-05-17T18:33:44Z" name="tearDown" finished-at="2019-05-17T18:33:46Z" duration-ms="1655" status="PASS">
          <reporter-output>
          </reporter-output>
        </test-method> <!-- tearDown -->
      </class> <!-- com.SauceDemo.testCases.TC_002 -->
      <class name="com.SauceDemo.testCases.TC_005">
        <test-method is-config="true" signature="setup(java.lang.String)[pri:0, instance:com.SauceDemo.testCases.TC_005@38d8f54a]" started-at="2019-05-17T18:33:46Z" name="setup" finished-at="2019-05-17T18:33:52Z" duration-ms="6533" status="PASS">
          <params>
            <param index="0">
              <value>
                <![CDATA[firefox]]>
              </value>
            </param>
          </params>
          <reporter-output>
          </reporter-output>
        </test-method> <!-- setup -->
        <test-method signature="loginTest005()[pri:0, instance:com.SauceDemo.testCases.TC_005@38d8f54a]" started-at="2019-05-17T18:33:52Z" name="loginTest005" finished-at="2019-05-17T18:33:54Z" duration-ms="1410" status="PASS">
          <reporter-output>
          </reporter-output>
        </test-method> <!-- loginTest005 -->
        <test-method is-config="true" signature="tearDown()[pri:0, instance:com.SauceDemo.testCases.TC_005@38d8f54a]" started-at="2019-05-17T18:33:54Z" name="tearDown" finished-at="2019-05-17T18:33:55Z" duration-ms="1907" status="PASS">
          <reporter-output>
          </reporter-output>
        </test-method> <!-- tearDown -->
      </class> <!-- com.SauceDemo.testCases.TC_005 -->
      <class name="com.SauceDemo.testCases.TC_006">
        <test-method is-config="true" signature="setup(java.lang.String)[pri:0, instance:com.SauceDemo.testCases.TC_006@49e53c76]" started-at="2019-05-17T18:33:55Z" name="setup" finished-at="2019-05-17T18:34:02Z" duration-ms="6574" status="PASS">
          <params>
            <param index="0">
              <value>
                <![CDATA[firefox]]>
              </value>
            </param>
          </params>
          <reporter-output>
          </reporter-output>
        </test-method> <!-- setup -->
        <test-method signature="loginTest006()[pri:0, instance:com.SauceDemo.testCases.TC_006@49e53c76]" started-at="2019-05-17T18:34:02Z" name="loginTest006" finished-at="2019-05-17T18:34:04Z" duration-ms="1533" status="PASS">
          <reporter-output>
          </reporter-output>
        </test-method> <!-- loginTest006 -->
        <test-method is-config="true" signature="tearDown()[pri:0, instance:com.SauceDemo.testCases.TC_006@49e53c76]" started-at="2019-05-17T18:34:04Z" name="tearDown" finished-at="2019-05-17T18:34:05Z" duration-ms="1936" status="PASS">
          <reporter-output>
          </reporter-output>
        </test-method> <!-- tearDown -->
      </class> <!-- com.SauceDemo.testCases.TC_006 -->
      <class name="com.SauceDemo.testCases.TC_008">
        <test-method is-config="true" signature="setup(java.lang.String)[pri:0, instance:com.SauceDemo.testCases.TC_008@351d00c0]" started-at="2019-05-17T18:34:05Z" name="setup" finished-at="2019-05-17T18:34:12Z" duration-ms="6706" status="PASS">
          <params>
            <param index="0">
              <value>
                <![CDATA[firefox]]>
              </value>
            </param>
          </params>
          <reporter-output>
          </reporter-output>
        </test-method> <!-- setup -->
        <test-method signature="loginTest008(java.lang.String, java.lang.String)[pri:0, instance:com.SauceDemo.testCases.TC_008@351d00c0]" started-at="2019-05-17T18:34:12Z" name="loginTest008" data-provider="logintestDDT_008" finished-at="2019-05-17T18:34:14Z" duration-ms="1533" status="PASS">
          <params>
            <param index="0">
              <value>
                <![CDATA[standard_user$$12]]>
              </value>
            </param>
            <param index="1">
              <value>
                <![CDATA[secret_sauce]]>
              </value>
            </param>
          </params>
          <reporter-output>
          </reporter-output>
        </test-method> <!-- loginTest008 -->
        <test-method signature="loginTest008(java.lang.String, java.lang.String)[pri:0, instance:com.SauceDemo.testCases.TC_008@351d00c0]" started-at="2019-05-17T18:34:14Z" name="loginTest008" data-provider="logintestDDT_008" finished-at="2019-05-17T18:34:15Z" duration-ms="1291" status="PASS">
          <params>
            <param index="0">
              <value>
                <![CDATA[performance_glitch_user**123]]>
              </value>
            </param>
            <param index="1">
              <value>
                <![CDATA[secret_sauce]]>
              </value>
            </param>
          </params>
          <reporter-output>
          </reporter-output>
        </test-method> <!-- loginTest008 -->
        <test-method is-config="true" signature="tearDown()[pri:0, instance:com.SauceDemo.testCases.TC_008@351d00c0]" started-at="2019-05-17T18:34:15Z" name="tearDown" finished-at="2019-05-17T18:34:17Z" duration-ms="2052" status="PASS">
          <reporter-output>
          </reporter-output>
        </test-method> <!-- tearDown -->
      </class> <!-- com.SauceDemo.testCases.TC_008 -->
    </test> <!-- TestNGTest2 -->
  </suite> <!-- SauceDemo Suite -->
</testng-results>
