<?xml version="1.0" encoding="UTF-8"?>
<testsuite xmlns:xsi="http://www.w3.org/2001/XMLSchema-instance" xsi:schemaLocation="https://maven.apache.org/surefire/maven-surefire-plugin/xsd/surefire-test-report.xsd" name="TestSuite" time="109.689" tests="20" errors="0" skipped="0" failures="2">
  <properties>
    <property name="java.runtime.name" value="Java(TM) SE Runtime Environment"/>
    <property name="java.vm.version" value="11.0.2+9-LTS"/>
    <property name="sun.boot.library.path" value="C:\Program Files\Java\jdk-11.0.2\bin"/>
    <property name="maven.multiModuleProjectDirectory" value="C:\Users\RKV\eclipse-workspace\SauceDemo"/>
    <property name="java.vm.vendor" value="Oracle Corporation"/>
    <property name="java.vendor.url" value="http://java.oracle.com/"/>
    <property name="guice.disable.misplaced.annotation.check" value="true"/>
    <property name="path.separator" value=";"/>
    <property name="java.vm.name" value="Java HotSpot(TM) 64-Bit Server VM"/>
    <property name="sun.os.patch.level" value=""/>
    <property name="user.script" value=""/>
    <property name="user.country" value="US"/>
    <property name="sun.java.launcher" value="SUN_STANDARD"/>
    <property name="java.vm.specification.name" value="Java Virtual Machine Specification"/>
    <property name="user.dir" value="C:\Users\RKV\eclipse-workspace\SauceDemo"/>
    <property name="java.vm.compressedOopsMode" value="32-bit"/>
    <property name="java.runtime.version" value="11.0.2+9-LTS"/>
    <property name="java.awt.graphicsenv" value="sun.awt.Win32GraphicsEnvironment"/>
    <property name="os.arch" value="amd64"/>
    <property name="java.io.tmpdir" value="C:\Users\RKV\AppData\Local\Temp\"/>
    <property name="line.separator" value="&#10;"/>
    <property name="java.vm.specification.vendor" value="Oracle Corporation"/>
    <property name="user.variant" value=""/>
    <property name="os.name" value="Windows 10"/>
    <property name="classworlds.conf" value="C:\Users\RKV\eclipse-workspace\.metadata\.plugins\org.eclipse.m2e.launching\launches\m2conf3697066020815424050.tmp"/>
    <property name="sun.jnu.encoding" value="Cp1252"/>
    <property name="java.library.path" value="C:\Program Files\Java\jdk-11.0.2\bin;C:\WINDOWS\Sun\Java\bin;C:\WINDOWS\system32;C:\WINDOWS;C:/Program Files/Java/jre1.8.0_202/bin/server;C:/Program Files/Java/jre1.8.0_202/bin;C:/Program Files/Java/jre1.8.0_202/lib/amd64;C:\Program Files (x86)\Common Files\Oracle\Java\javapath;C:\Program Files\Java\jdk-11.0.2\bin;C:\ProgramData\Oracle\Java\javapath;C:\Program Files (x86)\Lenovo\FusionEngine;C:\Program Files (x86)\Intel\iCLS Client\;C:\Program Files\Intel\iCLS Client\;C:\WINDOWS\system32;C:\WINDOWS;C:\WINDOWS\System32\Wbem;C:\WINDOWS\System32\WindowsPowerShell\v1.0\;C:\Program Files\Intel\Intel(R) Management Engine Components\DAL;C:\Program Files\Intel\Intel(R) Management Engine Components\IPT;C:\Program Files (x86)\Intel\Intel(R) Management Engine Components\DAL;C:\Program Files (x86)\Intel\Intel(R) Management Engine Components\IPT;C:\Program Files\Intel\WiFi\bin\;C:\Program Files\Common Files\Intel\WirelessCommon\;C:\Program Files (x86)\Common Files\lenovo\easyplussdk\bin;C:\WINDOWS\System32\OpenSSH\;C:\apache-maven-3.6.1-bin\apache-maven-3.6.1\bin;C:\Program Files\TortoiseSVN\bin;C:\Program Files\Java\jdk-11.0.2;C:\Drivers\eclipse-java-2019-03-R-win32-x86_64\eclipse;;."/>
    <property name="jdk.debug" value="release"/>
    <property name="java.class.version" value="55.0"/>
    <property name="java.specification.name" value="Java Platform API Specification"/>
    <property name="sun.management.compiler" value="HotSpot 64-Bit Tiered Compilers"/>
    <property name="os.version" value="10.0"/>
    <property name="user.home" value="C:\Users\RKV"/>
    <property name="user.timezone" value="America/New_York"/>
    <property name="java.awt.printerjob" value="sun.awt.windows.WPrinterJob"/>
    <property name="file.encoding" value="Cp1252"/>
    <property name="java.specification.version" value="11"/>
    <property name="user.name" value="RKV"/>
    <property name="java.class.path" value="C:\Drivers\eclipse-java-2019-03-R-win32-x86_64\eclipse\plugins\org.eclipse.m2e.maven.runtime_1.11.0.20190220-2117\jars\plexus-classworlds-2.5.2.jar"/>
    <property name="java.vm.specification.version" value="11"/>
    <property name="sun.arch.data.model" value="64"/>
    <property name="sun.java.command" value="org.codehaus.plexus.classworlds.launcher.Launcher -B test"/>
    <property name="java.home" value="C:\Program Files\Java\jdk-11.0.2"/>
    <property name="user.language" value="en"/>
    <property name="java.specification.vendor" value="Oracle Corporation"/>
    <property name="awt.toolkit" value="sun.awt.windows.WToolkit"/>
    <property name="java.vm.info" value="mixed mode"/>
    <property name="java.version" value="11.0.2"/>
    <property name="java.vendor" value="Oracle Corporation"/>
    <property name="maven.home" value="C:\Users\RKV\eclipse-workspace\SauceDemo\EMBEDDED"/>
    <property name="file.separator" value="\"/>
    <property name="java.version.date" value="2019-01-15"/>
    <property name="java.vendor.url.bug" value="http://bugreport.java.com/bugreport/"/>
    <property name="sun.io.unicode.encoding" value="UnicodeLittle"/>
    <property name="sun.cpu.endian" value="little"/>
    <property name="java.vendor.version" value="18.9"/>
    <property name="sun.desktop" value="windows"/>
    <property name="sun.cpu.isalist" value="amd64"/>
  </properties>
  <testcase name="loginTest001" classname="com.SauceDemo.testCases.TC_001" time="2.415"/>
  <testcase name="loginTest001" classname="com.SauceDemo.testCases.TC_001" time="0.832"/>
  <testcase name="loginTest001" classname="com.SauceDemo.testCases.TC_001" time="5.558"/>
  <testcase name="loginTest001" classname="com.SauceDemo.testCases.TC_001" time="0.982">
    <failure message="The following asserts failed:&#10;	expected [true] but found [false]" type="java.lang.AssertionError">java.lang.AssertionError: 
The following asserts failed:
	expected [true] but found [false]
	at com.SauceDemo.testCases.TC_001.loginTest001(TC_001.java:42)
</failure>
    <system-out><![CDATA[ INFO [main] (TC_001.java:18)- Started TC_001
 INFO [main] (TC_001.java:20)- Providing Login Details
 INFO [main] (TC_001.java:26)- Login Page validation
ERROR [main] (TC_001.java:35)- Login failed
Screenshot taken
Login is NOT successful!!
]]></system-out>
  </testcase>
  <testcase name="loginTest001" classname="com.SauceDemo.testCases.TC_001" time="2.458"/>
  <testcase name="loginTest001" classname="com.SauceDemo.testCases.TC_001" time="0.662"/>
  <testcase name="loginTest001" classname="com.SauceDemo.testCases.TC_001" time="5.774"/>
  <testcase name="loginTest001" classname="com.SauceDemo.testCases.TC_001" time="1.358">
    <failure message="The following asserts failed:&#10;	expected [true] but found [false]" type="java.lang.AssertionError">java.lang.AssertionError: 
The following asserts failed:
	expected [true] but found [false]
	at com.SauceDemo.testCases.TC_001.loginTest001(TC_001.java:42)
</failure>
    <system-out><![CDATA[ INFO [main] (TC_001.java:18)- Started TC_001
 INFO [main] (TC_001.java:20)- Providing Login Details
 INFO [main] (TC_001.java:26)- Login Page validation
ERROR [main] (TC_001.java:35)- Login failed
Screenshot taken
Login is NOT successful!!
]]></system-out>
  </testcase>
  <testcase name="loginTest002" classname="com.SauceDemo.testCases.TC_002" time="0.536"/>
  <testcase name="loginTest002" classname="com.SauceDemo.testCases.TC_002" time="0.444"/>
  <testcase name="loginTest002" classname="com.SauceDemo.testCases.TC_002" time="1.481"/>
  <testcase name="loginTest002" classname="com.SauceDemo.testCases.TC_002" time="1.351"/>
  <testcase name="loginTest005" classname="com.SauceDemo.testCases.TC_005" time="0.567"/>
  <testcase name="loginTest005" classname="com.SauceDemo.testCases.TC_005" time="1.411"/>
  <testcase name="loginTest006" classname="com.SauceDemo.testCases.TC_006" time="0.494"/>
  <testcase name="loginTest006" classname="com.SauceDemo.testCases.TC_006" time="1.532"/>
  <testcase name="loginTest008" classname="com.SauceDemo.testCases.TC_008" time="0.795"/>
  <testcase name="loginTest008" classname="com.SauceDemo.testCases.TC_008" time="0.523"/>
  <testcase name="loginTest008" classname="com.SauceDemo.testCases.TC_008" time="1.533"/>
  <testcase name="loginTest008" classname="com.SauceDemo.testCases.TC_008" time="1.291"/>
</testsuite>