<?xml version="1.0" encoding="UTF-8"?>
<testng-results ignored="0" total="20" passed="18" failed="2" skipped="0">
  <reporter-output>
  </reporter-output>
  <suite started-at="2019-05-17T18:22:02Z" name="SauceDemo Suite" finished-at="2019-05-17T18:23:54Z" duration-ms="111957">
    <groups>
    </groups>
    <test started-at="2019-05-17T18:22:02Z" name="TestNGTest1" finished-at="2019-05-17T18:22:47Z" duration-ms="45481">
      <class name="com.SauceDemo.testCases.TC_001">
        <test-method is-config="true" signature="setup(java.lang.String)[pri:0, instance:com.SauceDemo.testCases.TC_001@2e377400]" started-at="2019-05-17T18:22:02Z" name="setup" finished-at="2019-05-17T18:22:08Z" duration-ms="5999" status="PASS">
          <params>
            <param index="0">
              <value>
                <![CDATA[chrome]]>
              </value>
            </param>
          </params>
          <reporter-output>
          </reporter-output>
        </test-method> <!-- setup -->
        <test-method signature="loginTest001(java.lang.String, java.lang.String)[pri:0, instance:com.SauceDemo.testCases.TC_001@2e377400]" started-at="2019-05-17T18:22:10Z" name="loginTest001" data-provider="logintestDDT_001" finished-at="2019-05-17T18:22:12Z" duration-ms="2574" status="PASS">
          <params>
            <param index="0">
              <value>
                <![CDATA[standard_user]]>
              </value>
            </param>
            <param index="1">
              <value>
                <![CDATA[secret_sauce]]>
              </value>
            </param>
          </params>
          <reporter-output>
          </reporter-output>
        </test-method> <!-- loginTest001 -->
        <test-method signature="loginTest001(java.lang.String, java.lang.String)[pri:0, instance:com.SauceDemo.testCases.TC_001@2e377400]" started-at="2019-05-17T18:22:12Z" name="loginTest001" data-provider="logintestDDT_001" finished-at="2019-05-17T18:22:13Z" duration-ms="870" status="PASS">
          <params>
            <param index="0">
              <value>
                <![CDATA[problem_user]]>
              </value>
            </param>
            <param index="1">
              <value>
                <![CDATA[secret_sauce]]>
              </value>
            </param>
          </params>
          <reporter-output>
          </reporter-output>
        </test-method> <!-- loginTest001 -->
        <test-method signature="loginTest001(java.lang.String, java.lang.String)[pri:0, instance:com.SauceDemo.testCases.TC_001@2e377400]" started-at="2019-05-17T18:22:13Z" name="loginTest001" data-provider="logintestDDT_001" finished-at="2019-05-17T18:22:19Z" duration-ms="5594" status="PASS">
          <params>
            <param index="0">
              <value>
                <![CDATA[performance_glitch_user]]>
              </value>
            </param>
            <param index="1">
              <value>
                <![CDATA[secret_sauce]]>
              </value>
            </param>
          </params>
          <reporter-output>
          </reporter-output>
        </test-method> <!-- loginTest001 -->
        <test-method signature="loginTest001(java.lang.String, java.lang.String)[pri:0, instance:com.SauceDemo.testCases.TC_001@2e377400]" started-at="2019-05-17T18:22:19Z" name="loginTest001" data-provider="logintestDDT_001" finished-at="2019-05-17T18:22:20Z" duration-ms="976" status="FAIL">
          <params>
            <param index="0">
              <value>
                <![CDATA[locked_out_user]]>
              </value>
            </param>
            <param index="1">
              <value>
                <![CDATA[secret_sauce]]>
              </value>
            </param>
          </params>
          <exception class="java.lang.AssertionError">
            <message>
              <![CDATA[The following asserts failed:
expected [true] but found [false]]]>
            </message>
            <full-stacktrace>
              <![CDATA[java.lang.AssertionError: The following asserts failed:
expected [true] but found [false]
at org.testng.asserts.SoftAssert.assertAll(SoftAssert.java:43)
at com.SauceDemo.testCases.TC_001.loginTest001(TC_001.java:42)
at java.base/jdk.internal.reflect.NativeMethodAccessorImpl.invoke0(Native Method)
at java.base/jdk.internal.reflect.NativeMethodAccessorImpl.invoke(NativeMethodAccessorImpl.java:62)
at java.base/jdk.internal.reflect.DelegatingMethodAccessorImpl.invoke(DelegatingMethodAccessorImpl.java:43)
at java.base/java.lang.reflect.Method.invoke(Method.java:566)
at org.testng.internal.MethodInvocationHelper.invokeMethod(MethodInvocationHelper.java:124)
at org.testng.internal.Invoker.invokeMethod(Invoker.java:583)
at org.testng.internal.Invoker.invokeTestMethod(Invoker.java:719)
at org.testng.internal.Invoker.invokeTestMethods(Invoker.java:989)
at org.testng.internal.TestMethodWorker.invokeTestMethods(TestMethodWorker.java:125)
at org.testng.internal.TestMethodWorker.run(TestMethodWorker.java:109)
at org.testng.TestRunner.privateRun(TestRunner.java:648)
at org.testng.TestRunner.run(TestRunner.java:505)
at org.testng.SuiteRunner.runTest(SuiteRunner.java:455)
at org.testng.SuiteRunner.runSequentially(SuiteRunner.java:450)
at org.testng.SuiteRunner.privateRun(SuiteRunner.java:415)
at org.testng.SuiteRunner.run(SuiteRunner.java:364)
at org.testng.SuiteRunnerWorker.runSuite(SuiteRunnerWorker.java:52)
at org.testng.SuiteRunnerWorker.run(SuiteRunnerWorker.java:84)
at org.testng.TestNG.runSuitesSequentially(TestNG.java:1208)
at org.testng.TestNG.runSuitesLocally(TestNG.java:1137)
at org.testng.TestNG.runSuites(TestNG.java:1049)
at org.testng.TestNG.run(TestNG.java:1017)
at org.testng.remote.AbstractRemoteTestNG.run(AbstractRemoteTestNG.java:115)
at org.testng.remote.RemoteTestNG.initAndRun(RemoteTestNG.java:251)
at org.testng.remote.RemoteTestNG.main(RemoteTestNG.java:77)
]]>
            </full-stacktrace>
          </exception> <!-- java.lang.AssertionError -->
          <reporter-output>
          </reporter-output>
        </test-method> <!-- loginTest001 -->
        <test-method is-config="true" signature="tearDown()[pri:0, instance:com.SauceDemo.testCases.TC_001@2e377400]" started-at="2019-05-17T18:22:20Z" name="tearDown" finished-at="2019-05-17T18:22:21Z" duration-ms="763" status="PASS">
          <reporter-output>
          </reporter-output>
        </test-method> <!-- tearDown -->
      </class> <!-- com.SauceDemo.testCases.TC_001 -->
      <class name="com.SauceDemo.testCases.TC_002">
        <test-method is-config="true" signature="setup(java.lang.String)[pri:0, instance:com.SauceDemo.testCases.TC_002@1757cd72]" started-at="2019-05-17T18:22:21Z" name="setup" finished-at="2019-05-17T18:22:26Z" duration-ms="5014" status="PASS">
          <params>
            <param index="0">
              <value>
                <![CDATA[chrome]]>
              </value>
            </param>
          </params>
          <reporter-output>
          </reporter-output>
        </test-method> <!-- setup -->
        <test-method signature="loginTest002(java.lang.String, java.lang.String)[pri:0, instance:com.SauceDemo.testCases.TC_002@1757cd72]" started-at="2019-05-17T18:22:26Z" name="loginTest002" data-provider="logintestDDT_002" finished-at="2019-05-17T18:22:26Z" duration-ms="612" status="PASS">
          <params>
            <param index="0">
              <value>
                <![CDATA[standard_user]]>
              </value>
            </param>
            <param index="1">
              <value>
                <![CDATA[ssauce]]>
              </value>
            </param>
          </params>
          <reporter-output>
          </reporter-output>
        </test-method> <!-- loginTest002 -->
        <test-method signature="loginTest002(java.lang.String, java.lang.String)[pri:0, instance:com.SauceDemo.testCases.TC_002@1757cd72]" started-at="2019-05-17T18:22:26Z" name="loginTest002" data-provider="logintestDDT_002" finished-at="2019-05-17T18:22:27Z" duration-ms="520" status="PASS">
          <params>
            <param index="0">
              <value>
                <![CDATA[problem_user]]>
              </value>
            </param>
            <param index="1">
              <value>
                <![CDATA[secret]]>
              </value>
            </param>
          </params>
          <reporter-output>
          </reporter-output>
        </test-method> <!-- loginTest002 -->
        <test-method is-config="true" signature="tearDown()[pri:0, instance:com.SauceDemo.testCases.TC_002@1757cd72]" started-at="2019-05-17T18:22:27Z" name="tearDown" finished-at="2019-05-17T18:22:28Z" duration-ms="747" status="PASS">
          <reporter-output>
          </reporter-output>
        </test-method> <!-- tearDown -->
      </class> <!-- com.SauceDemo.testCases.TC_002 -->
      <class name="com.SauceDemo.testCases.TC_005">
        <test-method is-config="true" signature="setup(java.lang.String)[pri:0, instance:com.SauceDemo.testCases.TC_005@445b295b]" started-at="2019-05-17T18:22:28Z" name="setup" finished-at="2019-05-17T18:22:33Z" duration-ms="5152" status="PASS">
          <params>
            <param index="0">
              <value>
                <![CDATA[chrome]]>
              </value>
            </param>
          </params>
          <reporter-output>
          </reporter-output>
        </test-method> <!-- setup -->
        <test-method signature="loginTest005()[pri:0, instance:com.SauceDemo.testCases.TC_005@445b295b]" started-at="2019-05-17T18:22:33Z" name="loginTest005" finished-at="2019-05-17T18:22:33Z" duration-ms="559" status="PASS">
          <reporter-output>
          </reporter-output>
        </test-method> <!-- loginTest005 -->
        <test-method is-config="true" signature="tearDown()[pri:0, instance:com.SauceDemo.testCases.TC_005@445b295b]" started-at="2019-05-17T18:22:33Z" name="tearDown" finished-at="2019-05-17T18:22:34Z" duration-ms="772" status="PASS">
          <reporter-output>
          </reporter-output>
        </test-method> <!-- tearDown -->
      </class> <!-- com.SauceDemo.testCases.TC_005 -->
      <class name="com.SauceDemo.testCases.TC_006">
        <test-method is-config="true" signature="setup(java.lang.String)[pri:0, instance:com.SauceDemo.testCases.TC_006@49e5f737]" started-at="2019-05-17T18:22:34Z" name="setup" finished-at="2019-05-17T18:22:39Z" duration-ms="5118" status="PASS">
          <params>
            <param index="0">
              <value>
                <![CDATA[chrome]]>
              </value>
            </param>
          </params>
          <reporter-output>
          </reporter-output>
        </test-method> <!-- setup -->
        <test-method signature="loginTest006()[pri:0, instance:com.SauceDemo.testCases.TC_006@49e5f737]" started-at="2019-05-17T18:22:39Z" name="loginTest006" finished-at="2019-05-17T18:22:40Z" duration-ms="501" status="PASS">
          <reporter-output>
          </reporter-output>
        </test-method> <!-- loginTest006 -->
        <test-method is-config="true" signature="tearDown()[pri:0, instance:com.SauceDemo.testCases.TC_006@49e5f737]" started-at="2019-05-17T18:22:40Z" name="tearDown" finished-at="2019-05-17T18:22:41Z" duration-ms="738" status="PASS">
          <reporter-output>
          </reporter-output>
        </test-method> <!-- tearDown -->
      </class> <!-- com.SauceDemo.testCases.TC_006 -->
      <class name="com.SauceDemo.testCases.TC_008">
        <test-method is-config="true" signature="setup(java.lang.String)[pri:0, instance:com.SauceDemo.testCases.TC_008@5c671d7f]" started-at="2019-05-17T18:22:41Z" name="setup" finished-at="2019-05-17T18:22:45Z" duration-ms="4738" status="PASS">
          <params>
            <param index="0">
              <value>
                <![CDATA[chrome]]>
              </value>
            </param>
          </params>
          <reporter-output>
          </reporter-output>
        </test-method> <!-- setup -->
        <test-method signature="loginTest008(java.lang.String, java.lang.String)[pri:0, instance:com.SauceDemo.testCases.TC_008@5c671d7f]" started-at="2019-05-17T18:22:45Z" name="loginTest008" data-provider="logintestDDT_008" finished-at="2019-05-17T18:22:46Z" duration-ms="591" status="PASS">
          <params>
            <param index="0">
              <value>
                <![CDATA[standard_user$$12]]>
              </value>
            </param>
            <param index="1">
              <value>
                <![CDATA[secret_sauce]]>
              </value>
            </param>
          </params>
          <reporter-output>
          </reporter-output>
        </test-method> <!-- loginTest008 -->
        <test-method signature="loginTest008(java.lang.String, java.lang.String)[pri:0, instance:com.SauceDemo.testCases.TC_008@5c671d7f]" started-at="2019-05-17T18:22:46Z" name="loginTest008" data-provider="logintestDDT_008" finished-at="2019-05-17T18:22:47Z" duration-ms="589" status="PASS">
          <params>
            <param index="0">
              <value>
                <![CDATA[performance_glitch_user**123]]>
              </value>
            </param>
            <param index="1">
              <value>
                <![CDATA[secret_sauce]]>
              </value>
            </param>
          </params>
          <reporter-output>
          </reporter-output>
        </test-method> <!-- loginTest008 -->
        <test-method is-config="true" signature="tearDown()[pri:0, instance:com.SauceDemo.testCases.TC_008@5c671d7f]" started-at="2019-05-17T18:22:47Z" name="tearDown" finished-at="2019-05-17T18:22:47Z" duration-ms="767" status="PASS">
          <reporter-output>
          </reporter-output>
        </test-method> <!-- tearDown -->
      </class> <!-- com.SauceDemo.testCases.TC_008 -->
    </test> <!-- TestNGTest1 -->
    <test started-at="2019-05-17T18:22:48Z" name="TestNGTest2" finished-at="2019-05-17T18:23:54Z" duration-ms="65978">
      <class name="com.SauceDemo.testCases.TC_001">
        <test-method is-config="true" signature="setup(java.lang.String)[pri:0, instance:com.SauceDemo.testCases.TC_001@610f7aa]" started-at="2019-05-17T18:22:48Z" name="setup" finished-at="2019-05-17T18:22:55Z" duration-ms="6925" status="PASS">
          <params>
            <param index="0">
              <value>
                <![CDATA[firefox]]>
              </value>
            </param>
          </params>
          <reporter-output>
          </reporter-output>
        </test-method> <!-- setup -->
        <test-method signature="loginTest001(java.lang.String, java.lang.String)[pri:0, instance:com.SauceDemo.testCases.TC_001@610f7aa]" started-at="2019-05-17T18:22:55Z" name="loginTest001" data-provider="logintestDDT_001" finished-at="2019-05-17T18:22:58Z" duration-ms="2389" status="PASS">
          <params>
            <param index="0">
              <value>
                <![CDATA[standard_user]]>
              </value>
            </param>
            <param index="1">
              <value>
                <![CDATA[secret_sauce]]>
              </value>
            </param>
          </params>
          <reporter-output>
          </reporter-output>
        </test-method> <!-- loginTest001 -->
        <test-method signature="loginTest001(java.lang.String, java.lang.String)[pri:0, instance:com.SauceDemo.testCases.TC_001@610f7aa]" started-at="2019-05-17T18:22:58Z" name="loginTest001" data-provider="logintestDDT_001" finished-at="2019-05-17T18:22:58Z" duration-ms="572" status="PASS">
          <params>
            <param index="0">
              <value>
                <![CDATA[problem_user]]>
              </value>
            </param>
            <param index="1">
              <value>
                <![CDATA[secret_sauce]]>
              </value>
            </param>
          </params>
          <reporter-output>
          </reporter-output>
        </test-method> <!-- loginTest001 -->
        <test-method signature="loginTest001(java.lang.String, java.lang.String)[pri:0, instance:com.SauceDemo.testCases.TC_001@610f7aa]" started-at="2019-05-17T18:22:58Z" name="loginTest001" data-provider="logintestDDT_001" finished-at="2019-05-17T18:23:04Z" duration-ms="5793" status="PASS">
          <params>
            <param index="0">
              <value>
                <![CDATA[performance_glitch_user]]>
              </value>
            </param>
            <param index="1">
              <value>
                <![CDATA[secret_sauce]]>
              </value>
            </param>
          </params>
          <reporter-output>
          </reporter-output>
        </test-method> <!-- loginTest001 -->
        <test-method signature="loginTest001(java.lang.String, java.lang.String)[pri:0, instance:com.SauceDemo.testCases.TC_001@610f7aa]" started-at="2019-05-17T18:23:04Z" name="loginTest001" data-provider="logintestDDT_001" finished-at="2019-05-17T18:23:06Z" duration-ms="1704" status="FAIL">
          <params>
            <param index="0">
              <value>
                <![CDATA[locked_out_user]]>
              </value>
            </param>
            <param index="1">
              <value>
                <![CDATA[secret_sauce]]>
              </value>
            </param>
          </params>
          <exception class="java.lang.AssertionError">
            <message>
              <![CDATA[The following asserts failed:
expected [true] but found [false]]]>
            </message>
            <full-stacktrace>
              <![CDATA[java.lang.AssertionError: The following asserts failed:
expected [true] but found [false]
at org.testng.asserts.SoftAssert.assertAll(SoftAssert.java:43)
at com.SauceDemo.testCases.TC_001.loginTest001(TC_001.java:42)
at java.base/jdk.internal.reflect.NativeMethodAccessorImpl.invoke0(Native Method)
at java.base/jdk.internal.reflect.NativeMethodAccessorImpl.invoke(NativeMethodAccessorImpl.java:62)
at java.base/jdk.internal.reflect.DelegatingMethodAccessorImpl.invoke(DelegatingMethodAccessorImpl.java:43)
at java.base/java.lang.reflect.Method.invoke(Method.java:566)
at org.testng.internal.MethodInvocationHelper.invokeMethod(MethodInvocationHelper.java:124)
at org.testng.internal.Invoker.invokeMethod(Invoker.java:583)
at org.testng.internal.Invoker.invokeTestMethod(Invoker.java:719)
at org.testng.internal.Invoker.invokeTestMethods(Invoker.java:989)
at org.testng.internal.TestMethodWorker.invokeTestMethods(TestMethodWorker.java:125)
at org.testng.internal.TestMethodWorker.run(TestMethodWorker.java:109)
at org.testng.TestRunner.privateRun(TestRunner.java:648)
at org.testng.TestRunner.run(TestRunner.java:505)
at org.testng.SuiteRunner.runTest(SuiteRunner.java:455)
at org.testng.SuiteRunner.runSequentially(SuiteRunner.java:450)
at org.testng.SuiteRunner.privateRun(SuiteRunner.java:415)
at org.testng.SuiteRunner.run(SuiteRunner.java:364)
at org.testng.SuiteRunnerWorker.runSuite(SuiteRunnerWorker.java:52)
at org.testng.SuiteRunnerWorker.run(SuiteRunnerWorker.java:84)
at org.testng.TestNG.runSuitesSequentially(TestNG.java:1208)
at org.testng.TestNG.runSuitesLocally(TestNG.java:1137)
at org.testng.TestNG.runSuites(TestNG.java:1049)
at org.testng.TestNG.run(TestNG.java:1017)
at org.testng.remote.AbstractRemoteTestNG.run(AbstractRemoteTestNG.java:115)
at org.testng.remote.RemoteTestNG.initAndRun(RemoteTestNG.java:251)
at org.testng.remote.RemoteTestNG.main(RemoteTestNG.java:77)
]]>
            </full-stacktrace>
          </exception> <!-- java.lang.AssertionError -->
          <reporter-output>
          </reporter-output>
        </test-method> <!-- loginTest001 -->
        <test-method is-config="true" signature="tearDown()[pri:0, instance:com.SauceDemo.testCases.TC_001@610f7aa]" started-at="2019-05-17T18:23:06Z" name="tearDown" finished-at="2019-05-17T18:23:07Z" duration-ms="1747" status="PASS">
          <reporter-output>
          </reporter-output>
        </test-method> <!-- tearDown -->
      </class> <!-- com.SauceDemo.testCases.TC_001 -->
      <class name="com.SauceDemo.testCases.TC_002">
        <test-method is-config="true" signature="setup(java.lang.String)[pri:0, instance:com.SauceDemo.testCases.TC_002@6a03bcb1]" started-at="2019-05-17T18:23:07Z" name="setup" finished-at="2019-05-17T18:23:14Z" duration-ms="6625" status="PASS">
          <params>
            <param index="0">
              <value>
                <![CDATA[firefox]]>
              </value>
            </param>
          </params>
          <reporter-output>
          </reporter-output>
        </test-method> <!-- setup -->
        <test-method signature="loginTest002(java.lang.String, java.lang.String)[pri:0, instance:com.SauceDemo.testCases.TC_002@6a03bcb1]" started-at="2019-05-17T18:23:14Z" name="loginTest002" data-provider="logintestDDT_002" finished-at="2019-05-17T18:23:16Z" duration-ms="1770" status="PASS">
          <params>
            <param index="0">
              <value>
                <![CDATA[standard_user]]>
              </value>
            </param>
            <param index="1">
              <value>
                <![CDATA[ssauce]]>
              </value>
            </param>
          </params>
          <reporter-output>
          </reporter-output>
        </test-method> <!-- loginTest002 -->
        <test-method signature="loginTest002(java.lang.String, java.lang.String)[pri:0, instance:com.SauceDemo.testCases.TC_002@6a03bcb1]" started-at="2019-05-17T18:23:16Z" name="loginTest002" data-provider="logintestDDT_002" finished-at="2019-05-17T18:23:18Z" duration-ms="1785" status="PASS">
          <params>
            <param index="0">
              <value>
                <![CDATA[problem_user]]>
              </value>
            </param>
            <param index="1">
              <value>
                <![CDATA[secret]]>
              </value>
            </param>
          </params>
          <reporter-output>
          </reporter-output>
        </test-method> <!-- loginTest002 -->
        <test-method is-config="true" signature="tearDown()[pri:0, instance:com.SauceDemo.testCases.TC_002@6a03bcb1]" started-at="2019-05-17T18:23:18Z" name="tearDown" finished-at="2019-05-17T18:23:19Z" duration-ms="1579" status="PASS">
          <reporter-output>
          </reporter-output>
        </test-method> <!-- tearDown -->
      </class> <!-- com.SauceDemo.testCases.TC_002 -->
      <class name="com.SauceDemo.testCases.TC_005">
        <test-method is-config="true" signature="setup(java.lang.String)[pri:0, instance:com.SauceDemo.testCases.TC_005@21b2e768]" started-at="2019-05-17T18:23:19Z" name="setup" finished-at="2019-05-17T18:23:26Z" duration-ms="6939" status="PASS">
          <params>
            <param index="0">
              <value>
                <![CDATA[firefox]]>
              </value>
            </param>
          </params>
          <reporter-output>
          </reporter-output>
        </test-method> <!-- setup -->
        <test-method signature="loginTest005()[pri:0, instance:com.SauceDemo.testCases.TC_005@21b2e768]" started-at="2019-05-17T18:23:26Z" name="loginTest005" finished-at="2019-05-17T18:23:28Z" duration-ms="1905" status="PASS">
          <reporter-output>
          </reporter-output>
        </test-method> <!-- loginTest005 -->
        <test-method is-config="true" signature="tearDown()[pri:0, instance:com.SauceDemo.testCases.TC_005@21b2e768]" started-at="2019-05-17T18:23:28Z" name="tearDown" finished-at="2019-05-17T18:23:30Z" duration-ms="1840" status="PASS">
          <reporter-output>
          </reporter-output>
        </test-method> <!-- tearDown -->
      </class> <!-- com.SauceDemo.testCases.TC_005 -->
      <class name="com.SauceDemo.testCases.TC_006">
        <test-method is-config="true" signature="setup(java.lang.String)[pri:0, instance:com.SauceDemo.testCases.TC_006@57250572]" started-at="2019-05-17T18:23:30Z" name="setup" finished-at="2019-05-17T18:23:37Z" duration-ms="7340" status="PASS">
          <params>
            <param index="0">
              <value>
                <![CDATA[firefox]]>
              </value>
            </param>
          </params>
          <reporter-output>
          </reporter-output>
        </test-method> <!-- setup -->
        <test-method signature="loginTest006()[pri:0, instance:com.SauceDemo.testCases.TC_006@57250572]" started-at="2019-05-17T18:23:37Z" name="loginTest006" finished-at="2019-05-17T18:23:39Z" duration-ms="1645" status="PASS">
          <reporter-output>
          </reporter-output>
        </test-method> <!-- loginTest006 -->
        <test-method is-config="true" signature="tearDown()[pri:0, instance:com.SauceDemo.testCases.TC_006@57250572]" started-at="2019-05-17T18:23:39Z" name="tearDown" finished-at="2019-05-17T18:23:41Z" duration-ms="2411" status="PASS">
          <reporter-output>
          </reporter-output>
        </test-method> <!-- tearDown -->
      </class> <!-- com.SauceDemo.testCases.TC_006 -->
      <class name="com.SauceDemo.testCases.TC_008">
        <test-method is-config="true" signature="setup(java.lang.String)[pri:0, instance:com.SauceDemo.testCases.TC_008@5609159b]" started-at="2019-05-17T18:23:41Z" name="setup" finished-at="2019-05-17T18:23:48Z" duration-ms="6797" status="PASS">
          <params>
            <param index="0">
              <value>
                <![CDATA[firefox]]>
              </value>
            </param>
          </params>
          <reporter-output>
          </reporter-output>
        </test-method> <!-- setup -->
        <test-method signature="loginTest008(java.lang.String, java.lang.String)[pri:0, instance:com.SauceDemo.testCases.TC_008@5609159b]" started-at="2019-05-17T18:23:48Z" name="loginTest008" data-provider="logintestDDT_008" finished-at="2019-05-17T18:23:50Z" duration-ms="1818" status="PASS">
          <params>
            <param index="0">
              <value>
                <![CDATA[standard_user$$12]]>
              </value>
            </param>
            <param index="1">
              <value>
                <![CDATA[secret_sauce]]>
              </value>
            </param>
          </params>
          <reporter-output>
          </reporter-output>
        </test-method> <!-- loginTest008 -->
        <test-method signature="loginTest008(java.lang.String, java.lang.String)[pri:0, instance:com.SauceDemo.testCases.TC_008@5609159b]" started-at="2019-05-17T18:23:50Z" name="loginTest008" data-provider="logintestDDT_008" finished-at="2019-05-17T18:23:52Z" duration-ms="1635" status="PASS">
          <params>
            <param index="0">
              <value>
                <![CDATA[performance_glitch_user**123]]>
              </value>
            </param>
            <param index="1">
              <value>
                <![CDATA[secret_sauce]]>
              </value>
            </param>
          </params>
          <reporter-output>
          </reporter-output>
        </test-method> <!-- loginTest008 -->
        <test-method is-config="true" signature="tearDown()[pri:0, instance:com.SauceDemo.testCases.TC_008@5609159b]" started-at="2019-05-17T18:23:52Z" name="tearDown" finished-at="2019-05-17T18:23:54Z" duration-ms="2046" status="PASS">
          <reporter-output>
          </reporter-output>
        </test-method> <!-- tearDown -->
      </class> <!-- com.SauceDemo.testCases.TC_008 -->
    </test> <!-- TestNGTest2 -->
  </suite> <!-- SauceDemo Suite -->
</testng-results>
